生成启动时间为 2020/6/10 9:44:48。
     1>项目“D:\CP\Tracking\Tracking.vcxproj”在节点 2 上(Build 个目标)。
     1>CustomBuild:
         Moc'ing Tracking.h...
       ClCompile:
         C:\Program Files (x86)\Microsoft Visual Studio 12.0\VC\bin\CL.exe /c /I.\GeneratedFiles /I. /ID:\Qt\Qt5.6.2\5.6\msvc2013\include /I.\GeneratedFiles\Debug /ID:\Qt\Qt5.6.2\5.6\msvc2013\include\QtCore /ID:\Qt\Qt5.6.2\5.6\msvc2013\include\QtGui /ID:\Qt\Qt5.6.2\5.6\msvc2013\include\QtNetwork /ID:\Qt\Qt5.6.2\5.6\msvc2013\include\QtWidgets /Zi /nologo /W1 /WX- /Od /Oy- /D UNICODE /D WIN32 /D WIN64 /D QT_DLL /D QT_CORE_LIB /D QT_GUI_LIB /D QT_NETWORK_LIB /D QT_WIDGETS_LIB /Gm- /EHsc /MDd /GS /fp:precise /Zc:wchar_t /Zc:forScope /Fo"Debug\\" /Fd"Debug\vc120.pdb" /Gd /TP /analyze- /errorReport:prompt GeneratedFiles\Debug\moc_Tracking.cpp Tracking.cpp main.cpp
         moc_Tracking.cpp
         Tracking.cpp
         main.cpp
         正在生成代码...
       Link:
         C:\Program Files (x86)\Microsoft Visual Studio 12.0\VC\bin\link.exe /ERRORREPORT:PROMPT /OUT:"D:\CP\Tracking\Win32\Debug\\Tracking.exe" /NOLOGO /LIBPATH:D:\Qt\Qt5.6.2\5.6\msvc2013\lib qtmaind.lib Qt5Cored.lib Qt5Guid.lib Qt5Networkd.lib Qt5Widgetsd.lib opencv_ml249d.lib opencv_calib3d249d.lib opencv_contrib249d.lib opencv_core249d.lib opencv_features2d249d.lib opencv_flann249d.lib opencv_gpu249d.lib opencv_highgui249d.lib opencv_imgproc249d.lib opencv_legacy249d.lib opencv_objdetect249d.lib opencv_ts249d.lib opencv_video249d.lib opencv_nonfree249d.lib opencv_ocl249d.lib opencv_photo249d.lib opencv_stitching249d.lib opencv_superres249d.lib opencv_videostab249d.lib kernel32.lib user32.lib gdi32.lib winspool.lib comdlg32.lib advapi32.lib shell32.lib ole32.lib oleaut32.lib uuid.lib odbc32.lib odbccp32.lib /MANIFEST /MANIFESTUAC:"level='asInvoker' uiAccess='false'" /manifest:embed /DEBUG /PDB:"D:\CP\Tracking\Win32\Debug\Tracking.pdb" /SUBSYSTEM:WINDOWS /TLBID:1 /DYNAMICBASE /NXCOMPAT /IMPLIB:"D:\CP\Tracking\Win32\Debug\Tracking.lib" /MACHINE:X86 /SAFESEH Debug\Tracking.res
         Debug\moc_Tracking.obj
         Debug\qrc_Tracking.obj
         Debug\main.obj
         Debug\Tracking.obj
         Tracking.vcxproj -> D:\CP\Tracking\Win32\Debug\Tracking.exe
     1>已完成生成项目“D:\CP\Tracking\Tracking.vcxproj”(Build 个目标)的操作。

生成成功。

已用时间 00:00:03.18
